<?xml version="1.0" encoding="UTF-8"?>
<testsuite name="FizzBuzzTest" tests="1" skipped="0" failures="0" errors="0" timestamp="2020-05-21T10:26:11" hostname="MRSHUDSON" time="0.002">
  <properties/>
  <testcase name="one" classname="FizzBuzzTest" time="0.002"/>
  <system-out><![CDATA[]]></system-out>
  <system-err><![CDATA[]]></system-err>
</testsuite>
